0 verbose cli /usr/bin/node /usr/bin/npm
1 info using npm@9.2.0
2 info using node@v18.19.1
3 timing npm:load:whichnode Completed in 0ms
4 timing config:load:defaults Completed in 3ms
5 timing config:load:file:/usr/share/nodejs/npm/npmrc Completed in 11ms
6 timing config:load:builtin Completed in 11ms
7 timing config:load:cli Completed in 5ms
8 timing config:load:env Completed in 2ms
9 timing config:load:project Completed in 2ms
10 timing config:load:file:/root/.npmrc Completed in 1ms
11 timing config:load:user Completed in 1ms
12 timing config:load:file:/etc/npmrc Completed in 2ms
13 timing config:load:global Completed in 2ms
14 timing config:load:setEnvs Completed in 5ms
15 timing config:load Completed in 32ms
16 timing npm:load:configload Completed in 32ms
17 timing npm:load:mkdirpcache Completed in 0ms
18 timing npm:load:mkdirplogs Completed in 2ms
19 verbose title npm start
20 verbose argv "start"
21 timing npm:load:setTitle Completed in 3ms
22 timing config:load:flatten Completed in 10ms
23 timing npm:load:display Completed in 13ms
24 verbose logfile logs-max:10 dir:/root/.npm/_logs/2025-05-23T18_41_43_005Z-
25 verbose logfile /root/.npm/_logs/2025-05-23T18_41_43_005Z-debug-0.log
26 timing npm:load:logFile Completed in 14ms
27 timing npm:load:timers Completed in 0ms
28 timing npm:load:configScope Completed in 1ms
29 timing npm:load Completed in 68ms
30 silly logfile start cleaning logs, removing 1 files
31 timing config:load:flatten Completed in 1ms
32 silly logfile done cleaning log files
